<?xml version="1.0" encoding="UTF-8"?>
<!-- Generated by org.testng.reporters.JUnitXMLReporter -->
<testsuite hostname="DESKTOP-27L8JE7" ignored="1" name="SampleTest" tests="5" failures="0" timestamp="23 Dec 2020 02:22:17 GMT" time="26.116" errors="0">
  <testcase name="f" time="0.011" classname="com.project.December2020MavenBuild.NewTest"/>
  <testcase name="amazon" time="3.687" classname="com.project.December2020MavenBuild.TNG_002"/>
  <testcase name="f" time="0.003" classname="com.project.December2020MavenBuild.NewTest1"/>
  <testcase name="f" time="0.012" classname="com.project.December2020MavenBuild.TNG_001"/>
  <testcase name="z" time="0.003" classname="com.project.December2020MavenBuild.TNG_001"/>
  <testcase name="a" time="0.0" classname="com.project.December2020MavenBuild.TNG_001">
    <ignored/>
  </testcase> <!-- a -->
</testsuite> <!-- SampleTest -->
