<?xml version="1.0" encoding="UTF-8"?>
<!-- Generated by org.testng.reporters.JUnitXMLReporter -->
<testsuite hostname="DESKTOP-27L8JE7" ignored="0" name="Default test" tests="2" failures="0" timestamp="23 Mar 2021 02:14:48 GMT" time="17.059" errors="0">
  <testcase name="f" time="15.389" classname="com.crm.SalesforceCRM.suitea.LoginTest"/>
  <testcase name="f" time="0.003" classname="com.crm.SalesforceCRM.suitea.LoginTest">
    <skipped/>
  </testcase> <!-- f -->
</testsuite> <!-- Default test -->
