<?xml version="1.0" encoding="UTF-8"?>
<!-- Generated by org.testng.reporters.JUnitXMLReporter -->
<testsuite hostname="DESKTOP-27L8JE7" ignored="0" name="Default test" tests="2" failures="0" timestamp="09 Mar 2021 02:17:56 GMT" time="1.722" errors="0">
  <testcase name="f" time="0.039" classname="com.crm.SalesforceCRM.suitea.LoginTest"/>
  <testcase name="f" time="0.005" classname="com.crm.SalesforceCRM.suitea.LoginTest">
    <skipped/>
  </testcase> <!-- f -->
</testsuite> <!-- Default test -->
