<?xml version="1.0" encoding="UTF-8"?>
<!-- Generated by org.testng.reporters.JUnitXMLReporter -->
<testsuite hostname="DESKTOP-27L8JE7" ignored="0" name="BatchTest" tests="3" failures="0" timestamp="24 Dec 2020 02:25:41 GMT" time="93.812" errors="0">
  <testcase name="radioButtonTest" time="0.481" classname="com.project.December2020MavenBuild.RadioButton1"/>
  <testcase name="checkboxTest" time="1.246" classname="com.project.December2020MavenBuild.CheckBox1"/>
  <testcase name="amazon" time="20.063" classname="com.project.December2020MavenBuild.TNG_002"/>
</testsuite> <!-- BatchTest -->
