<?xml version="1.0" encoding="UTF-8"?>
<!-- Generated by org.testng.reporters.JUnitXMLReporter -->
<testsuite hostname="DESKTOP-27L8JE7" ignored="1" name="BatchTest" tests="2" failures="0" timestamp="25 Dec 2020 01:54:28 GMT" time="64.525" errors="0">
  <testcase name="radioButtonTest" time="15.91" classname="com.project.December2020MavenBuild.RadioButton1"/>
  <testcase name="checkboxTest" time="0.927" classname="com.project.December2020MavenBuild.CheckBox1"/>
  <testcase name="amazon" time="0.0" classname="com.project.December2020MavenBuild.TNG_002">
    <ignored/>
  </testcase> <!-- amazon -->
</testsuite> <!-- BatchTest -->
