<?xml version="1.0" encoding="UTF-8"?>
<testng-results skipped="0" failed="0" ignored="0" total="2" passed="2">
  <reporter-output>
  </reporter-output>
  <suite name="Default suite" duration-ms="1793" started-at="2021-03-10T02:36:52Z" finished-at="2021-03-10T02:36:54Z">
    <groups>
    </groups>
    <test name="Default test" duration-ms="1793" started-at="2021-03-10T02:36:52Z" finished-at="2021-03-10T02:36:54Z">
      <class name="com.crm.SalesforceCRM.suitea.LoginTest">
        <test-method status="PASS" signature="startUp()[pri:0, instance:com.crm.SalesforceCRM.suitea.LoginTest@5ad851c9]" name="startUp" is-config="true" duration-ms="1600" started-at="2021-03-10T02:36:52Z" finished-at="2021-03-10T02:36:53Z">
          <reporter-output>
          </reporter-output>
        </test-method> <!-- startUp -->
        <test-method status="PASS" signature="f(java.util.Hashtable)[pri:0, instance:com.crm.SalesforceCRM.suitea.LoginTest@5ad851c9]" name="f" duration-ms="55" started-at="2021-03-10T02:36:53Z" data-provider="getData" finished-at="2021-03-10T02:36:53Z">
          <params>
            <param index="0">
              <value>
                <![CDATA[{Expected Results=loginSuccuss, RunMode=Y, Password=zoho2015, UserName=ravilella.2015@gmail.com, Browser=chrome}]]>
              </value>
            </param>
          </params>
          <reporter-output>
          </reporter-output>
        </test-method> <!-- f -->
        <test-method status="PASS" signature="f(java.util.Hashtable)[pri:0, instance:com.crm.SalesforceCRM.suitea.LoginTest@5ad851c9]" name="f" duration-ms="32" started-at="2021-03-10T02:36:53Z" data-provider="getData" finished-at="2021-03-10T02:36:54Z">
          <params>
            <param index="0">
              <value>
                <![CDATA[{Expected Results=loginSuccuss, RunMode=N, Password=P1, UserName=U1, Browser=firefox}]]>
              </value>
            </param>
          </params>
          <reporter-output>
          </reporter-output>
        </test-method> <!-- f -->
        <test-method status="PASS" signature="End()[pri:0, instance:com.crm.SalesforceCRM.suitea.LoginTest@5ad851c9]" name="End" is-config="true" duration-ms="1" started-at="2021-03-10T02:36:54Z" finished-at="2021-03-10T02:36:54Z">
          <reporter-output>
          </reporter-output>
        </test-method> <!-- End -->
      </class> <!-- com.crm.SalesforceCRM.suitea.LoginTest -->
    </test> <!-- Default test -->
  </suite> <!-- Default suite -->
</testng-results>
