<?xml version="1.0" encoding="UTF-8"?>
<testng-results skipped="0" failed="0" ignored="0" total="2" passed="2">
  <reporter-output>
  </reporter-output>
  <suite name="Suite" duration-ms="2125" started-at="2020-12-29T02:10:07Z" finished-at="2020-12-29T02:10:09Z">
    <groups>
    </groups>
    <test name="TestA2" duration-ms="2125" started-at="2020-12-29T02:10:07Z" finished-at="2020-12-29T02:10:09Z">
      <class name="suiteA.TestA2">
        <test-method status="PASS" signature="f()[pri:0, instance:suiteA.TestA2@3c153a1]" name="f" duration-ms="2039" started-at="2020-12-29T02:10:07Z" finished-at="2020-12-29T02:10:09Z">
          <reporter-output>
          </reporter-output>
        </test-method> <!-- f -->
      </class> <!-- suiteA.TestA2 -->
    </test> <!-- TestA2 -->
    <test name="TestA1" duration-ms="2122" started-at="2020-12-29T02:10:07Z" finished-at="2020-12-29T02:10:09Z">
      <class name="suiteA.TestA1">
        <test-method status="PASS" signature="f()[pri:0, instance:suiteA.TestA1@17c386de]" name="f" duration-ms="2039" started-at="2020-12-29T02:10:07Z" finished-at="2020-12-29T02:10:09Z">
          <reporter-output>
          </reporter-output>
        </test-method> <!-- f -->
      </class> <!-- suiteA.TestA1 -->
    </test> <!-- TestA1 -->
  </suite> <!-- Suite -->
</testng-results>
